Release 13.4 - xst O.87xd (lin64)
Copyright (c) 1995-2011 Xilinx, Inc.  All rights reserved.
--> 
Parameter TMPDIR set to xst/projnav.tmp


Total REAL time to Xst completion: 0.00 secs
Total CPU time to Xst completion: 0.05 secs
 
--> 
Parameter xsthdpdir set to xst


Total REAL time to Xst completion: 1.00 secs
Total CPU time to Xst completion: 0.05 secs
 
--> 
Reading design: cache_controller.prj

TABLE OF CONTENTS
  1) Synthesis Options Summary
  2) HDL Compilation
  3) Design Hierarchy Analysis
  4) HDL Analysis
  5) HDL Synthesis
     5.1) HDL Synthesis Report
  6) Advanced HDL Synthesis
     6.1) Advanced HDL Synthesis Report
  7) Low Level Synthesis
  8) Partition Report
  9) Final Report
	9.1) Device utilization summary
	9.2) Partition Resource Summary
	9.3) TIMING REPORT


=========================================================================
*                      Synthesis Options Summary                        *
=========================================================================
---- Source Parameters
Input File Name                    : "cache_controller.prj"
Input Format                       : mixed
Ignore Synthesis Constraint File   : NO

---- Target Parameters
Output File Name                   : "cache_controller"
Output Format                      : NGC
Target Device                      : xc3s500e-5-pq208

---- Source Options
Top Module Name                    : cache_controller
Automatic FSM Extraction           : YES
FSM Encoding Algorithm             : Auto
Safe Implementation                : No
FSM Style                          : LUT
RAM Extraction                     : Yes
RAM Style                          : Auto
ROM Extraction                     : Yes
Mux Style                          : Auto
Decoder Extraction                 : YES
Priority Encoder Extraction        : Yes
Shift Register Extraction          : YES
Logical Shifter Extraction         : YES
XOR Collapsing                     : YES
ROM Style                          : Auto
Mux Extraction                     : Yes
Resource Sharing                   : YES
Asynchronous To Synchronous        : NO
Multiplier Style                   : Auto
Automatic Register Balancing       : No

---- Target Options
Add IO Buffers                     : YES
Global Maximum Fanout              : 500
Add Generic Clock Buffer(BUFG)     : 24
Register Duplication               : YES
Slice Packing                      : YES
Optimize Instantiated Primitives   : NO
Use Clock Enable                   : Yes
Use Synchronous Set                : Yes
Use Synchronous Reset              : Yes
Pack IO Registers into IOBs        : Auto
Equivalent register Removal        : YES

---- General Options
Optimization Goal                  : Speed
Optimization Effort                : 1
Keep Hierarchy                     : No
Netlist Hierarchy                  : As_Optimized
RTL Output                         : Yes
Global Optimization                : AllClockNets
Read Cores                         : YES
Write Timing Constraints           : NO
Cross Clock Analysis               : NO
Hierarchy Separator                : /
Bus Delimiter                      : <>
Case Specifier                     : Maintain
Slice Utilization Ratio            : 100
BRAM Utilization Ratio             : 100
Verilog 2001                       : YES
Auto BRAM Packing                  : NO
Slice Utilization Ratio Delta      : 5

---- Other Options
Cores Search Directories           : {"ipcore_dir"  }

=========================================================================


=========================================================================
*                          HDL Compilation                              *
=========================================================================
Compiling vhdl file "/home/student2/ckelsey/coe758/project1/ipcore_dir/sdram.vhd" in Library work.
Architecture sdram_a of Entity sdram is up to date.
Compiling vhdl file "/home/student2/ckelsey/coe758/project1/ipcore_dir/icon.vhd" in Library work.
Architecture icon_a of Entity icon is up to date.
Compiling vhdl file "/home/student2/ckelsey/coe758/project1/ipcore_dir/ila.vhd" in Library work.
Architecture ila_a of Entity ila is up to date.
Compiling vhdl file "/home/student2/ckelsey/coe758/project1/ipcore_dir/vio.vhd" in Library work.
Entity <vio> compiled.
Entity <vio> (Architecture <vio_a>) compiled.
Compiling vhdl file "/home/student2/ckelsey/coe758/project1/ipcore_dir/cache_mem.vhd" in Library work.
Architecture cache_mem_a of Entity cache_mem is up to date.
Compiling vhdl file "/home/student2/ckelsey/coe758/project1/sdram_controller.vhd" in Library work.
Architecture behavioral of Entity sdram_controller is up to date.
Compiling vhdl file "/home/student2/ckelsey/coe758/project1/cache_controller.vhd" in Library work.
Architecture behavioral of Entity cache_controller is up to date.

=========================================================================
*                     Design Hierarchy Analysis                         *
=========================================================================
Analyzing hierarchy for entity <cache_controller> in library <work> (architecture <behavioral>).

Analyzing hierarchy for entity <sdram_controller> in library <work> (architecture <behavioral>).


=========================================================================
*                            HDL Analysis                               *
=========================================================================
Analyzing Entity <cache_controller> in library <work> (Architecture <behavioral>).
WARNING:Xst:2211 - "/home/student2/ckelsey/coe758/project1/cache_controller.vhd" line 127: Instantiating black box module <icon>.
WARNING:Xst:2211 - "/home/student2/ckelsey/coe758/project1/cache_controller.vhd" line 128: Instantiating black box module <ila>.
WARNING:Xst:2211 - "/home/student2/ckelsey/coe758/project1/cache_controller.vhd" line 129: Instantiating black box module <vio>.
WARNING:Xst:2211 - "/home/student2/ckelsey/coe758/project1/cache_controller.vhd" line 130: Instantiating black box module <cache_mem>.
WARNING:Xst:1541 - "/home/student2/ckelsey/coe758/project1/cache_controller.vhd" line 131: Different binding for component: <sdram_controller>. Port <wea> does not match.
INFO:Xst:1432 - Contents of array <tag_reg> may be accessed with a negative index, causing simulation mismatch.
INFO:Xst:1433 - Contents of array <tag_reg> may be accessed with an index that exceeds the array size. This could cause simulation mismatch.
WARNING:Xst:819 - "/home/student2/ckelsey/coe758/project1/cache_controller.vhd" line 136: One or more signals are missing in the process sensitivity list. To enable synthesis of FPGA/CPLD hardware, XST will assume that all necessary signals are present in the sensitivity list. Please note that the result of the synthesis may differ from the initial design specification. The missing signals are:
   <cpu_tag>
INFO:Xst:1432 - Contents of array <tag_reg> may be accessed with a negative index, causing simulation mismatch.
INFO:Xst:1433 - Contents of array <tag_reg> may be accessed with an index that exceeds the array size. This could cause simulation mismatch.
INFO:Xst:1432 - Contents of array <tag_reg> may be accessed with a negative index, causing simulation mismatch.
INFO:Xst:1433 - Contents of array <tag_reg> may be accessed with an index that exceeds the array size. This could cause simulation mismatch.
WARNING:Xst:790 - "/home/student2/ckelsey/coe758/project1/cache_controller.vhd" line 338: Index value(s) does not match array range, simulation mismatch.
WARNING:Xst:790 - "/home/student2/ckelsey/coe758/project1/cache_controller.vhd" line 339: Index value(s) does not match array range, simulation mismatch.
Entity <cache_controller> analyzed. Unit <cache_controller> generated.

Analyzing Entity <sdram_controller> in library <work> (Architecture <behavioral>).
WARNING:Xst:2211 - "/home/student2/ckelsey/coe758/project1/sdram_controller.vhd" line 59: Instantiating black box module <sdram>.
Entity <sdram_controller> analyzed. Unit <sdram_controller> generated.


=========================================================================
*                           HDL Synthesis                               *
=========================================================================

Performing bidirectional port resolution...

Synthesizing Unit <sdram_controller>.
    Related source file is "/home/student2/ckelsey/coe758/project1/sdram_controller.vhd".
WARNING:Xst:1780 - Signal <empty> is never used or assigned. This unconnected signal will be trimmed during the optimization process.
WARNING:Xst:1780 - Signal <counter> is never used or assigned. This unconnected signal will be trimmed during the optimization process.
    Found 8-bit register for signal <d_out>.
    Found 12-bit register for signal <sdram_add_sig>.
    Found 8-bit register for signal <sdram_din_sig>.
    Found 1-bit register for signal <sdram_rd_wr<0>>.
    Summary:
	inferred  29 D-type flip-flop(s).
Unit <sdram_controller> synthesized.


Synthesizing Unit <cache_controller>.
    Related source file is "/home/student2/ckelsey/coe758/project1/cache_controller.vhd".
WARNING:Xst:646 - Signal <vio_sig<25:22>> is assigned but never used. This unconnected signal will be trimmed during the optimization process.
WARNING:Xst:653 - Signal <ila_data<99:93>> is used but never assigned. This sourceless signal will be automatically connected to value 0000000.
WARNING:Xst:653 - Signal <ila_data<23>> is used but never assigned. This sourceless signal will be automatically connected to value 0.
WARNING:Xst:1780 - Signal <dirty_sig> is never used or assigned. This unconnected signal will be trimmed during the optimization process.
WARNING:Xst:1780 - Signal <clk_counter> is never used or assigned. This unconnected signal will be trimmed during the optimization process.
INFO:Xst:1439 - HDL ADVISOR - You may have used signed signal(s) to address this RAM. If that is the case, negative values being out of range, sign bits were ignored. As a result only the first half of the RAM is actually accessed. Please check your source code.
    Found 8x4-bit single-port RAM <Mram_tag_reg> for signal <tag_reg>.
    Found 8-bit register for signal <cache_add_sig>.
    Found 8-bit register for signal <cache_din_sig>.
    Found 1-bit register for signal <cache_rd_wr<0>>.
    Found 1-bit register for signal <cache_to_main>.
    Found 32-bit register for signal <counter>.
    Found 32-bit adder for signal <counter$addsub0000> created at line 306.
    Found 8-bit register for signal <cpu_din>.
    Found 1-bit register for signal <cpu_rdy>.
    Found 8-bit register for signal <dbit>.
    Found 1-bit 8-to-1 multiplexer for signal <dbit$mux0000> created at line 180.
    Found 4-bit comparator equal for signal <hit_sig$cmp_eq0000> created at line 138.
    Found 12-bit register for signal <main_add_sig>.
    Found 8-bit register for signal <main_din_sig>.
    Found 1-bit register for signal <main_memstrb>.
    Found 1-bit register for signal <main_rd_wr<0>>.
    Found 1-bit register for signal <main_to_cache>.
    Found 3-bit register for signal <next_state>.
    Found 5-bit register for signal <offset>.
    Found 5-bit adder for signal <offset$addsub0000>.
    Found 3-bit register for signal <state_sig>.
    Found 8-bit register for signal <vbit>.
    Found 1-bit 8-to-1 multiplexer for signal <vbit$mux0000> created at line 138.
    Summary:
	inferred   1 RAM(s).
	inferred 109 D-type flip-flop(s).
	inferred   2 Adder/Subtractor(s).
	inferred   1 Comparator(s).
	inferred   2 Multiplexer(s).
Unit <cache_controller> synthesized.

INFO:Xst:1767 - HDL ADVISOR - Resource sharing has identified that some arithmetic operations in this design can share the same physical resources for reduced device utilization. For improved clock frequency you may try to disable resource sharing.

=========================================================================
HDL Synthesis Report

Macro Statistics
# RAMs                                                 : 1
 8x4-bit single-port RAM                               : 1
# Adders/Subtractors                                   : 2
 32-bit adder                                          : 1
 5-bit adder                                           : 1
# Registers                                            : 53
 1-bit register                                        : 43
 12-bit register                                       : 1
 3-bit register                                        : 2
 32-bit register                                       : 1
 5-bit register                                        : 1
 8-bit register                                        : 5
# Comparators                                          : 1
 4-bit comparator equal                                : 1
# Multiplexers                                         : 2
 1-bit 8-to-1 multiplexer                              : 2

=========================================================================

=========================================================================
*                       Advanced HDL Synthesis                          *
=========================================================================

Reading core <ipcore_dir/icon.ngc>.
Reading core <ipcore_dir/ila.ngc>.
Reading core <ipcore_dir/vio.ngc>.
Reading core <ipcore_dir/cache_mem.ngc>.
Reading core <ipcore_dir/sdram.ngc>.
Loading core <icon> for timing and area information for instance <sys_icon>.
Loading core <ila> for timing and area information for instance <sys_ila>.
Loading core <vio> for timing and area information for instance <sys_vio>.
Loading core <cache_mem> for timing and area information for instance <sys_cache>.
Loading core <sdram> for timing and area information for instance <sys_sdram>.

Synthesizing (advanced) Unit <cache_controller>.
INFO:Xst:3218 - HDL ADVISOR - The RAM <Mram_tag_reg> will be implemented on LUTs either because you have described an asynchronous read or because of currently unsupported block RAM features. If you have described an asynchronous read, making it synchronous would allow you to take advantage of available block RAM resources, for optimized device usage and improved timings. Please refer to your documentation for coding guidelines.
    -----------------------------------------------------------------------
    | ram_type           | Distributed                         |          |
    -----------------------------------------------------------------------
    | Port A                                                              |
    |     aspect ratio   | 8-word x 4-bit                      |          |
    |     clkA           | connected to signal <clk>           | rise     |
    |     weA            | connected to signal <_cmp_eq0000_0> | high     |
    |     addrA          | connected to signal <vio_sig>       |          |
    |     diA            | connected to signal <vio_sig>       |          |
    |     doA            | connected to internal node          |          |
    -----------------------------------------------------------------------
Unit <cache_controller> synthesized (advanced).

=========================================================================
Advanced HDL Synthesis Report

Macro Statistics
# RAMs                                                 : 1
 8x4-bit single-port distributed RAM                   : 1
# Adders/Subtractors                                   : 2
 32-bit adder                                          : 1
 5-bit adder                                           : 1
# Registers                                            : 138
 Flip-Flops                                            : 138
# Comparators                                          : 1
 4-bit comparator equal                                : 1
# Multiplexers                                         : 2
 1-bit 8-to-1 multiplexer                              : 2

=========================================================================

=========================================================================
*                         Low Level Synthesis                           *
=========================================================================

Optimizing unit <cache_controller> ...

Optimizing unit <sdram_controller> ...

Mapping all equations...
Building and optimizing final netlist ...
Found area constraint ratio of 100 (+ 5) on block cache_controller, actual ratio is 11.

Final Macro Processing ...

=========================================================================
Final Register Report

Macro Statistics
# Registers                                            : 138
 Flip-Flops                                            : 138

=========================================================================

=========================================================================
*                           Partition Report                            *
=========================================================================

Partition Implementation Status
-------------------------------

  No Partitions were found in this design.

-------------------------------

=========================================================================
*                            Final Report                               *
=========================================================================
Final Results
RTL Top Level Output File Name     : cache_controller.ngr
Top Level Output File Name         : cache_controller
Output Format                      : NGC
Optimization Goal                  : Speed
Keep Hierarchy                     : No

Design Statistics
# IOs                              : 1

Cell Usage :
# BELS                             : 777
#      GND                         : 6
#      INV                         : 8
#      LUT1                        : 90
#      LUT2                        : 37
#      LUT3                        : 80
#      LUT3_L                      : 1
#      LUT4                        : 291
#      LUT4_L                      : 1
#      MUXCY                       : 48
#      MUXCY_L                     : 62
#      MUXF5                       : 44
#      MUXF6                       : 12
#      VCC                         : 6
#      XORCY                       : 91
# FlipFlops/Latches                : 642
#      FD                          : 179
#      FDC                         : 1
#      FDCE                        : 24
#      FDE                         : 149
#      FDP                         : 102
#      FDPE                        : 4
#      FDR                         : 43
#      FDRE                        : 99
#      FDRS                        : 4
#      FDS                         : 36
#      LDC                         : 1
# RAMS                             : 11
#      RAM16X1S                    : 4
#      RAMB16_S1_S36               : 4
#      RAMB16_S36_S36              : 1
#      RAMB16_S4_S4                : 2
# Shift Registers                  : 153
#      SRL16                       : 100
#      SRL16E                      : 1
#      SRLC16E                     : 52
# Clock Buffers                    : 2
#      BUFG                        : 1
#      BUFGP                       : 1
# Others                           : 4
#      BSCAN_SPARTAN3              : 1
#      TIMESPEC                    : 3
=========================================================================

Device utilization summary:
---------------------------

Selected Device : 3s500epq208-5 

 Number of Slices:                      523  out of   4656    11%  
 Number of Slice Flip Flops:            642  out of   9312     6%  
 Number of 4 input LUTs:                665  out of   9312     7%  
    Number used as logic:               508
    Number used as Shift registers:     153
    Number used as RAMs:                  4
 Number of IOs:                           1
 Number of bonded IOBs:                   1  out of    158     0%  
 Number of BRAMs:                         7  out of     20    35%  
 Number of GCLKs:                         2  out of     24     8%  

---------------------------
Partition Resource Summary:
---------------------------

  No Partitions were found in this design.

---------------------------


=========================================================================
TIMING REPORT

NOTE: THESE TIMING NUMBERS ARE ONLY A SYNTHESIS ESTIMATE.
      FOR ACCURATE TIMING INFORMATION PLEASE REFER TO THE TRACE REPORT
      GENERATED AFTER PLACE-and-ROUTE.

Clock Information:
------------------
------------------------------------------------------------------------------+-------------------------------------------------------------------------------------------------------------------------------------------+-------+
Clock Signal                                                                  | Clock buffer(FF name)                                                                                                                     | Load  |
------------------------------------------------------------------------------+-------------------------------------------------------------------------------------------------------------------------------------------+-------+
sys_icon/U0/U_ICON/I_YES_BSCAN.U_BS/DRCK1                                     | BUFG                                                                                                                                      | 254   |
sys_icon/U0/iUPDATE_OUT                                                       | NONE(sys_icon/U0/U_ICON/U_iDATA_CMD)                                                                                                      | 1     |
clk                                                                           | BUFGP                                                                                                                                     | 554   |
sys_icon/CONTROL0<13>(sys_icon/U0/U_ICON/U_CTRL_OUT/F_NCP[0].F_CMD[9].U_LCE:O)| NONE(*)(sys_ila/U0/I_YES_D.U_ILA/U_STAT/U_DIRTY_LDC)                                                                                      | 1     |
sys_sdram/sys_sdram/N0                                                        | NONE(sys_sdram/sys_sdram/U0/xst_blk_mem_generator/gnativebmg.native_blk_mem_gen/valid.cstr/ramloop[0].ram.r/s3_noinit.ram/dpram.dp4x4.ram)| 2     |
------------------------------------------------------------------------------+-------------------------------------------------------------------------------------------------------------------------------------------+-------+
(*) This 1 clock signal(s) are generated by combinatorial logic,
and XST is not able to identify which are the primary clock signals.
Please use the CLOCK_SIGNAL constraint to specify the clock signal(s) generated by combinatorial logic.
INFO:Xst:2169 - HDL ADVISOR - Some clock signals were not automatically buffered by XST with BUFG/BUFR resources. Please use the buffer_type constraint in order to insert these buffers to the clock signals to help prevent skew problems.

Asynchronous Control Signals Information:
----------------------------------------
-----------------------------------------------------------------------------------------------------------+----------------------------------------------------------------------------------------------------------------------+-------+
Control Signal                                                                                             | Buffer(FF name)                                                                                                      | Load  |
-----------------------------------------------------------------------------------------------------------+----------------------------------------------------------------------------------------------------------------------+-------+
sys_ila/N0(sys_ila/XST_GND:G)                                                                              | NONE(sys_ila/U0/I_DQ.G_DW[0].U_DQ)                                                                                   | 102   |
sys_icon/U0/U_ICON/U_CMD/iSEL_n(sys_icon/U0/U_ICON/U_CMD/U_SEL_n:O)                                        | NONE(sys_icon/U0/U_ICON/U_CMD/G_TARGET[10].I_NE0.U_TARGET)                                                           | 10    |
sys_ila/U0/I_YES_D.U_ILA/U_RST/U_ARM_XFER/iCLR(sys_ila/U0/I_YES_D.U_ILA/U_RST/U_ARM_XFER/U_CLEAR:O)        | NONE(sys_ila/U0/I_YES_D.U_ILA/U_RST/U_ARM_XFER/U_DOUT0)                                                              | 4     |
sys_ila/U0/I_YES_D.U_ILA/U_RST/U_HALT_XFER/iCLR(sys_ila/U0/I_YES_D.U_ILA/U_RST/U_HALT_XFER/U_CLEAR:O)      | NONE(sys_ila/U0/I_YES_D.U_ILA/U_RST/U_HALT_XFER/U_DOUT0)                                                             | 4     |
sys_ila/U0/I_YES_D.U_ILA/U_STAT/U_DSL1/iCLR(sys_ila/U0/I_YES_D.U_ILA/U_STAT/U_DSL1/U_CLEAR:O)              | NONE(sys_ila/U0/I_YES_D.U_ILA/U_STAT/U_DSL1/U_DOUT0)                                                                 | 4     |
sys_icon/CONTROL0<20>(sys_icon/U0/U_ICON/U_CTRL_OUT/F_NCP[0].F_CMD[0].U_HCE:O)                             | NONE(sys_ila/U0/I_YES_D.U_ILA/U_TRIG/U_TM/G_NMU[0].U_M/U_MU/I_MUT_GANDX.U_match/I_SRL16.U_GANDX_SRL16/F_TW[0].U_TREG)| 2     |
sys_ila/U0/I_YES_D.U_ILA/iARM(sys_ila/U0/I_YES_D.U_ILA/U_RST/U_ARM_XFER/U_GEN_DELAY[3].U_FD:Q)             | NONE(sys_ila/U0/I_YES_D.U_ILA/U_STAT/U_DIRTY_FDCE)                                                                   | 2     |
sys_icon/CONTROL0<13>(sys_icon/U0/U_ICON/U_CTRL_OUT/F_NCP[0].F_CMD[9].U_LCE:O)                             | NONE(sys_ila/U0/I_YES_D.U_ILA/U_STAT/U_DIRTY_FDPE)                                                                   | 1     |
sys_icon/U0/U_ICON/iSEL_n(sys_icon/U0/U_ICON/U_iSEL_n:O)                                                   | NONE(sys_icon/U0/U_ICON/U_iDATA_CMD)                                                                                 | 1     |
sys_ila/U0/I_YES_D.U_ILA/U_STAT/ACTRESET_pulse(sys_ila/U0/I_YES_D.U_ILA/U_STAT/U_RESET_EDGE/I_H2L.U_DOUT:Q)| NONE(sys_ila/U0/I_YES_D.U_ILA/U_STAT/U_RISING)                                                                       | 1     |
sys_ila/U0/I_YES_D.U_ILA/iRESET<1>(sys_ila/U0/I_YES_D.U_ILA/U_RST/G_RST[1].U_RST:Q)                        | NONE(sys_ila/U0/I_YES_D.U_ILA/U_TRIG/U_TM/G_NMU[0].U_M/U_MU/I_OREG.I_YES_OREG.U_OREG)                                | 1     |
-----------------------------------------------------------------------------------------------------------+----------------------------------------------------------------------------------------------------------------------+-------+

Timing Summary:
---------------
Speed Grade: -5

   Minimum period: 11.202ns (Maximum Frequency: 89.268MHz)
   Minimum input arrival time before clock: 0.625ns
   Maximum output required time after clock: 0.514ns
   Maximum combinational path delay: No path found

=========================================================================
Timing constraint: TS_J_CLK = PERIOD TIMEGRP "J_CLK" 30 nS HIGH 15 nS
  Clock period: 7.989ns (frequency: 125.169MHz)
  Total number of paths / destination ports: 5245 / 570
  Number of failed paths / ports: 0 (0.00%) / 0 (0.00%)
-------------------------------------------------------------------------
Slack:                  22.571ns
  Source:               sys_ila/U0/I_YES_D.U_ILA/U_CAPSTOR/I_CASE1.I_NO_TB.I_RT1.U_RAM/G_BRAM[0].U_BRAM/ram_rt1_s1_s32_if.ram_rt1_s1_s32_i (RAM)
  Destination:          sys_icon/U0/U_ICON/U_TDO_reg (FF)
  Data Path Delay:      7.989ns (Levels of Logic = 7)
  Source Clock:         sys_icon/U0/U_ICON/I_YES_BSCAN.U_BS/DRCK1 rising at 0.000ns
  Destination Clock:    sys_icon/U0/U_ICON/I_YES_BSCAN.U_BS/DRCK1 rising at 30.000ns

  Data Path: sys_ila/U0/I_YES_D.U_ILA/U_CAPSTOR/I_CASE1.I_NO_TB.I_RT1.U_RAM/G_BRAM[0].U_BRAM/ram_rt1_s1_s32_if.ram_rt1_s1_s32_i (RAM) to sys_icon/U0/U_ICON/U_TDO_reg (FF)
                                Gate     Net
    Cell:in->out      fanout   Delay   Delay  Logical Name (Net Name)
    ----------------------------------------  ------------
     RAMB16_S1_S36:CLKA->DOA0    1   2.436   0.426  U0/I_YES_D.U_ILA/U_CAPSTOR/I_CASE1.I_NO_TB.I_RT1.U_RAM/G_BRAM[0].U_BRAM/ram_rt1_s1_s32_if.ram_rt1_s1_s32_i (U0/I_YES_D.U_ILA/U_CAPSTOR/I_CASE1.I_NO_TB.I_RT1.U_RAM/localDOA<0>)
     LUT3:I1->O            1   0.612   0.000  U0/I_YES_D.U_ILA/U_CAPSTOR/I_CASE1.I_NO_TB.I_RT1.U_RAM/I_MUX.U_RD_DATA/U_CS_MUX/I2.U_MUX4/Mmux_O_4 (U0/I_YES_D.U_ILA/U_CAPSTOR/I_CASE1.I_NO_TB.I_RT1.U_RAM/I_MUX.U_RD_DATA/U_CS_MUX/I2.U_MUX4/Mmux_O_4)
     MUXF5:I0->O           1   0.278   0.426  U0/I_YES_D.U_ILA/U_CAPSTOR/I_CASE1.I_NO_TB.I_RT1.U_RAM/I_MUX.U_RD_DATA/U_CS_MUX/I2.U_MUX4/Mmux_O_2_f5 (U0/I_YES_D.U_ILA/iDATA_DOUT)
     LUT3:I1->O            1   0.612   0.360  U0/I_YES_D.U_ILA/U_DOUT (CONTROL<3>)
     end scope: 'sys_ila'
     begin scope: 'sys_icon'
     LUT4:I3->O            1   0.612   0.509  U0/U_ICON/iCORE_ID<1>1 (U0/U_ICON/iCORE_ID<1>1)
     LUT2:I0->O            1   0.612   0.000  U0/U_ICON/U_TDO_MUX/U_CS_MUX/I4.U_MUX16/Mmux_O_4 (U0/U_ICON/U_TDO_MUX/U_CS_MUX/I4.U_MUX16/Mmux_O_4)
     MUXF5:I0->O           1   0.278   0.000  U0/U_ICON/U_TDO_MUX/U_CS_MUX/I4.U_MUX16/Mmux_O_2_f5 (U0/U_ICON/iTDO_next)
     FDE:D                     0.268          U0/U_ICON/U_TDO_reg
    ----------------------------------------
    Total                      7.989ns (6.268ns logic, 1.721ns route)
                                       (78.5% logic, 21.5% route)

=========================================================================
Timing constraint: TS_U_TO_J = MAXDELAY FROM TIMEGRP "U_CLK" TO TIMEGRP "J_CLK" 15 nS
  Clock period: 3.016ns (frequency: 331.587MHz)
  Total number of paths / destination ports: 18 / 18
  Number of failed paths / ports: 0 (0.00%) / 0 (0.00%)
-------------------------------------------------------------------------
Slack:                  11.984ns
  Source:               sys_icon/U0/U_ICON/U_iDATA_CMD (FF)
  Destination:          sys_icon/U0/U_ICON/U_SYNC/G_SYNC_WORD[6].I_EQ0.U_FDR (FF)
  Data Path Delay:      3.016ns (Levels of Logic = 1)
  Source Clock:         sys_icon/U0/iUPDATE_OUT rising at 0.000ns
  Destination Clock:    sys_icon/U0/U_ICON/I_YES_BSCAN.U_BS/DRCK1 rising at 15.000ns

  Data Path: sys_icon/U0/U_ICON/U_iDATA_CMD (FF) to sys_icon/U0/U_ICON/U_SYNC/G_SYNC_WORD[6].I_EQ0.U_FDR (FF)
                                Gate     Net
    Cell:in->out      fanout   Delay   Delay  Logical Name (Net Name)
    ----------------------------------------  ------------
     FDC:C->Q              3   0.514   0.451  U0/U_ICON/U_iDATA_CMD (U0/U_ICON/iDATA_CMD)
     INV:I->O              8   0.612   0.643  U0/U_ICON/U_SYNC/U_iDATA_CMD_n (U0/U_ICON/U_SYNC/iDATA_CMD_n)
     FDR:R                     0.795          U0/U_ICON/U_SYNC/G_SYNC_WORD[6].I_EQ0.U_FDR
    ----------------------------------------
    Total                      3.016ns (1.921ns logic, 1.095ns route)
                                       (63.7% logic, 36.3% route)

=========================================================================
Timing constraint: TS_U_TO_U = MAXDELAY FROM TIMEGRP "U_CLK" TO TIMEGRP "U_CLK" 15 nS
  Clock period: 2.202ns (frequency: 454.060MHz)
  Total number of paths / destination ports: 1 / 1
  Number of failed paths / ports: 0 (0.00%) / 0 (0.00%)
-------------------------------------------------------------------------
Slack:                  12.798ns
  Source:               sys_icon/U0/U_ICON/U_iDATA_CMD (FF)
  Destination:          sys_icon/U0/U_ICON/U_iDATA_CMD (FF)
  Data Path Delay:      2.202ns (Levels of Logic = 1)
  Source Clock:         sys_icon/U0/iUPDATE_OUT rising at 0.000ns
  Destination Clock:    sys_icon/U0/iUPDATE_OUT rising at 15.000ns

  Data Path: sys_icon/U0/U_ICON/U_iDATA_CMD (FF) to sys_icon/U0/U_ICON/U_iDATA_CMD (FF)
                                Gate     Net
    Cell:in->out      fanout   Delay   Delay  Logical Name (Net Name)
    ----------------------------------------  ------------
     FDC:C->Q              3   0.514   0.451  U0/U_ICON/U_iDATA_CMD (U0/U_ICON/iDATA_CMD)
     INV:I->O              1   0.612   0.357  U0/U_ICON/U_iDATA_CMD_n (U0/U_ICON/iDATA_CMD_n)
     FDC:D                     0.268          U0/U_ICON/U_iDATA_CMD
    ----------------------------------------
    Total                      2.202ns (1.394ns logic, 0.808ns route)
                                       (63.3% logic, 36.7% route)

=========================================================================
Timing constraint: TS_J_TO_D = FROM TIMEGRP "J_CLK" TO TIMEGRP "D_CLK" TIG;
  Clock period: 8.501ns (frequency: 117.631MHz)
  Total number of paths / destination ports: 2083 / 396
  Number of failed paths / ports: 0 (0.00%) / 0 (0.00%)
-------------------------------------------------------------------------
Delay:                  8.501ns
  Source:               sys_icon/U0/U_ICON/U_CMD/G_TARGET[12].I_NE0.U_TARGET (FF)
  Destination:          sys_vio/U0/I_VIO/U_STATUS/U_TDO (FF)
  Data Path Delay:      8.501ns (Levels of Logic = 7)
  Source Clock:         sys_icon/U0/U_ICON/I_YES_BSCAN.U_BS/DRCK1 rising at 0.000ns
  Destination Clock:    sys_icon/U0/U_ICON/I_YES_BSCAN.U_BS/DRCK1 rising at 0.000ns

  Data Path: sys_icon/U0/U_ICON/U_CMD/G_TARGET[12].I_NE0.U_TARGET (FF) to sys_vio/U0/I_VIO/U_STATUS/U_TDO (FF)
                                Gate     Net
    Cell:in->out      fanout   Delay   Delay  Logical Name (Net Name)
    ----------------------------------------  ------------
     FDCE:C->Q            19   0.514   1.074  U0/U_ICON/U_CMD/G_TARGET[12].I_NE0.U_TARGET (U0/U_ICON/iCORE_ID<0>)
     LUT4:I0->O           32   0.612   1.103  U0/U_ICON/U_CMD/U_CORE_ID_SEL/I4.FI[1].U_LUT (U0/U_ICON/iCORE_ID_SEL<1>)
     LUT4:I2->O            1   0.612   0.509  U0/U_ICON/U_CTRL_OUT/F_NCP[1].F_CMD[13].U_HCE (CONTROL1<33>)
     end scope: 'sys_icon'
     begin scope: 'sys_vio'
     LUT4:I0->O            1   0.612   0.509  U0/I_VIO/U_STATUS/iSTAT_CNT<7>37 (U0/I_VIO/U_STATUS/iSTAT_CNT<7>37)
     LUT3:I0->O            1   0.612   0.426  U0/I_VIO/U_STATUS/iSTAT_CNT<7>91_SW0 (N36)
     LUT4:I1->O            1   0.612   0.426  U0/I_VIO/U_STATUS/iSTAT_CNT<7>91 (U0/I_VIO/U_STATUS/iSTAT_CNT<7>91)
     LUT4:I1->O            1   0.612   0.000  U0/I_VIO/U_STATUS/iSTAT_CNT<7>221 (U0/I_VIO/U_STATUS/TDO_next)
     FDE:D                     0.268          U0/I_VIO/U_STATUS/U_TDO
    ----------------------------------------
    Total                      8.501ns (4.454ns logic, 4.047ns route)
                                       (52.4% logic, 47.6% route)

=========================================================================
Timing constraint: TS_D_TO_J = FROM TIMEGRP "D_CLK" TO TIMEGRP "J_CLK" TIG;
  Clock period: 7.429ns (frequency: 134.608MHz)
  Total number of paths / destination ports: 546 / 459
  Number of failed paths / ports: 0 (0.00%) / 0 (0.00%)
-------------------------------------------------------------------------
Delay:                  7.429ns
  Source:               sys_ila/U0/I_YES_D.U_ILA/U_CAPSTOR/I_CASE1.I_NO_TB.I_RT1.U_RAM/G_BRAM[0].U_BRAM/ram_rt1_s1_s32_if.ram_rt1_s1_s32_i (RAM)
  Destination:          sys_icon/U0/U_ICON/U_TDO_reg (FF)
  Data Path Delay:      7.429ns (Levels of Logic = 7)
  Source Clock:         sys_icon/U0/U_ICON/I_YES_BSCAN.U_BS/DRCK1 rising at 0.000ns
  Destination Clock:    sys_icon/U0/U_ICON/I_YES_BSCAN.U_BS/DRCK1 rising at 0.000ns

  Data Path: sys_ila/U0/I_YES_D.U_ILA/U_CAPSTOR/I_CASE1.I_NO_TB.I_RT1.U_RAM/G_BRAM[0].U_BRAM/ram_rt1_s1_s32_if.ram_rt1_s1_s32_i (RAM) to sys_icon/U0/U_ICON/U_TDO_reg (FF)
                                Gate     Net
    Cell:in->out      fanout   Delay   Delay  Logical Name (Net Name)
    ----------------------------------------  ------------
     RAMB16_S1_S36:CLKA->DOA0    1   2.436   0.426  U0/I_YES_D.U_ILA/U_CAPSTOR/I_CASE1.I_NO_TB.I_RT1.U_RAM/G_BRAM[0].U_BRAM/ram_rt1_s1_s32_if.ram_rt1_s1_s32_i (U0/I_YES_D.U_ILA/U_CAPSTOR/I_CASE1.I_NO_TB.I_RT1.U_RAM/localDOA<0>)
     LUT3:I1->O            1   0.612   0.000  U0/I_YES_D.U_ILA/U_CAPSTOR/I_CASE1.I_NO_TB.I_RT1.U_RAM/I_MUX.U_RD_DATA/U_CS_MUX/I2.U_MUX4/Mmux_O_4 (U0/I_YES_D.U_ILA/U_CAPSTOR/I_CASE1.I_NO_TB.I_RT1.U_RAM/I_MUX.U_RD_DATA/U_CS_MUX/I2.U_MUX4/Mmux_O_4)
     MUXF5:I0->O           1   0.278   0.426  U0/I_YES_D.U_ILA/U_CAPSTOR/I_CASE1.I_NO_TB.I_RT1.U_RAM/I_MUX.U_RD_DATA/U_CS_MUX/I2.U_MUX4/Mmux_O_2_f5 (U0/I_YES_D.U_ILA/iDATA_DOUT)
     LUT3:I1->O            1   0.612   0.360  U0/I_YES_D.U_ILA/U_DOUT (CONTROL<3>)
     end scope: 'sys_ila'
     begin scope: 'sys_icon'
     LUT4:I3->O            1   0.612   0.509  U0/U_ICON/iCORE_ID<1>1 (U0/U_ICON/iCORE_ID<1>1)
     LUT2:I0->O            1   0.612   0.000  U0/U_ICON/U_TDO_MUX/U_CS_MUX/I4.U_MUX16/Mmux_O_4 (U0/U_ICON/U_TDO_MUX/U_CS_MUX/I4.U_MUX16/Mmux_O_4)
     MUXF5:I0->O           1   0.278   0.000  U0/U_ICON/U_TDO_MUX/U_CS_MUX/I4.U_MUX16/Mmux_O_2_f5 (U0/U_ICON/iTDO_next)
     FDE:D                     0.268          U0/U_ICON/U_TDO_reg
    ----------------------------------------
    Total                      7.429ns (5.708ns logic, 1.721ns route)
                                       (76.8% logic, 23.2% route)

=========================================================================
Timing constraint: TS_D2_TO_T2 = FROM TIMEGRP "D2_CLK" TO TIMEGRP "FFS" TIG;
  Clock period: 5.624ns (frequency: 177.798MHz)
  Total number of paths / destination ports: 3 / 3
  Number of failed paths / ports: 0 (0.00%) / 0 (0.00%)
-------------------------------------------------------------------------
Delay:                  5.624ns
  Source:               sys_ila/U0/I_YES_D.U_ILA/U_STAT/U_DIRTY_LDC (LATCH)
  Destination:          sys_ila/U0/I_YES_D.U_ILA/U_STAT/U_TDO (FF)
  Data Path Delay:      5.624ns (Levels of Logic = 6)
  Source Clock:         sys_icon/CONTROL0<13> falling at 0.000ns
  Destination Clock:    sys_icon/U0/U_ICON/I_YES_BSCAN.U_BS/DRCK1 rising at 0.000ns

  Data Path: sys_ila/U0/I_YES_D.U_ILA/U_STAT/U_DIRTY_LDC (LATCH) to sys_ila/U0/I_YES_D.U_ILA/U_STAT/U_TDO (FF)
                                Gate     Net
    Cell:in->out      fanout   Delay   Delay  Logical Name (Net Name)
    ----------------------------------------  ------------
     LDC:G->Q              1   0.588   0.509  U0/I_YES_D.U_ILA/U_STAT/U_DIRTY_LDC (U0/I_YES_D.U_ILA/U_STAT/DIRTY_SEL)
     LUT3:I0->O            3   0.612   0.481  U0/I_YES_D.U_ILA/U_STAT/DIRTY_dstat1 (U0/I_YES_D.U_ILA/U_STAT/DIRTY_dstat)
     LUT3:I2->O            1   0.612   0.000  U0/I_YES_D.U_ILA/U_STAT/U_DMUX/U_CS_MUX/I3.U_MUX8/Mmux_O_91_F (N42)
     MUXF5:I0->O           1   0.278   0.387  U0/I_YES_D.U_ILA/U_STAT/U_DMUX/U_CS_MUX/I3.U_MUX8/Mmux_O_91 (U0/I_YES_D.U_ILA/U_STAT/U_DMUX/U_CS_MUX/I3.U_MUX8/Mmux_O_91)
     LUT4:I2->O            1   0.612   0.000  U0/I_YES_D.U_ILA/U_STAT/U_DMUX/U_CS_MUX/I3.U_MUX8/Mmux_O_4 (U0/I_YES_D.U_ILA/U_STAT/U_DMUX/U_CS_MUX/I3.U_MUX8/Mmux_O_4)
     MUXF5:I0->O           1   0.278   0.387  U0/I_YES_D.U_ILA/U_STAT/U_DMUX/U_CS_MUX/I3.U_MUX8/Mmux_O_2_f5 (U0/I_YES_D.U_ILA/U_STAT/TDO_mux_in<0>1)
     LUT4:I2->O            1   0.612   0.000  U0/I_YES_D.U_ILA/U_STAT/U_MUX/U_CS_MUX/I1.U_MUX2/O87 (U0/I_YES_D.U_ILA/U_STAT/TDO_next)
     FDE:D                     0.268          U0/I_YES_D.U_ILA/U_STAT/U_TDO
    ----------------------------------------
    Total                      5.624ns (3.860ns logic, 1.764ns route)
                                       (68.6% logic, 31.4% route)

=========================================================================
Timing constraint: TS_J2_TO_D2 = FROM TIMEGRP "FFS" TO TIMEGRP "D2_CLK" TIG;
-------------------------------------------------------------------------
WARNING:Xst:1415 - No path found for this constraint.

=========================================================================
Timing constraint: TS_J3_TO_D2 = FROM TIMEGRP "FFS" TO TIMEGRP "D2_CLK" TIG;
-------------------------------------------------------------------------
WARNING:Xst:1415 - No path found for this constraint.

=========================================================================
Timing constraint: TS_J4_TO_D2 = FROM TIMEGRP "FFS" TO TIMEGRP "D2_CLK" TIG;
-------------------------------------------------------------------------
WARNING:Xst:1415 - No path found for this constraint.

=========================================================================


Total REAL time to Xst completion: 10.00 secs
Total CPU time to Xst completion: 8.78 secs
 
--> 


Total memory usage is 659764 kilobytes

Number of errors   :    0 (   0 filtered)
Number of warnings :   19 (   0 filtered)
Number of infos    :   10 (   0 filtered)

